<?xml version="1.0" encoding="UTF-8"?>
<testng-results skipped="0" failed="0" ignored="0" total="2" passed="2">
  <reporter-output>
  </reporter-output>
  <suite name="Suite" duration-ms="105817" started-at="2020-09-28T15:42:36Z" finished-at="2020-09-28T15:44:22Z">
    <groups>
    </groups>
    <test name="Test" duration-ms="105817" started-at="2020-09-28T15:42:36Z" finished-at="2020-09-28T15:44:22Z">
      <class name="com.automation.AppiumFramework.ApiDemoTest">
        <test-method status="PASS" signature="apiDemoTest()[pri:0, instance:com.automation.AppiumFramework.ApiDemoTest@78b1cc93]" name="apiDemoTest" duration-ms="44566" started-at="2020-09-28T15:43:38Z" finished-at="2020-09-28T15:44:22Z">
          <reporter-output>
          </reporter-output>
        </test-method> <!-- apiDemoTest -->
      </class> <!-- com.automation.AppiumFramework.ApiDemoTest -->
      <class name="com.automation.AppiumFramework.EcommerceTC1">
        <test-method status="PASS" signature="killAllNodes()[pri:0, instance:com.automation.AppiumFramework.EcommerceTC1@6f3b5d16]" name="killAllNodes" is-config="true" duration-ms="36" started-at="2020-09-28T15:42:36Z" finished-at="2020-09-28T15:42:36Z">
          <reporter-output>
          </reporter-output>
        </test-method> <!-- killAllNodes -->
        <test-method status="PASS" signature="sumValidation()[pri:0, instance:com.automation.AppiumFramework.EcommerceTC1@6f3b5d16]" name="sumValidation" duration-ms="61217" started-at="2020-09-28T15:42:36Z" finished-at="2020-09-28T15:43:38Z">
          <reporter-output>
          </reporter-output>
        </test-method> <!-- sumValidation -->
      </class> <!-- com.automation.AppiumFramework.EcommerceTC1 -->
    </test> <!-- Test -->
  </suite> <!-- Suite -->
</testng-results>
